==183766== Memcheck, a memory error detector
==183766== Copyright (C) 2002-2017, and GNU GPL'd, by Julian Seward et al.
==183766== Using Valgrind-3.15.0 and LibVEX; rerun with -h for copyright info
==183766== Command: bin/jeux -p 9999
==183766== Parent PID: 183759
==183766== 
==183766== 
==183766== FILE DESCRIPTORS: 8 open at exit.
==183766== Open AF_INET socket 5: 0.0.0.0:9999 <-> unbound
==183766==    at 0x4AF577B: socket (syscall-template.S:78)
==183766==    by 0x10D097: open_listenfd (csapp.c:1015)
==183766==    by 0x10D1F5: Open_listenfd (csapp.c:1062)
==183766==    by 0x10A892: main (main.c:73)
==183766== 
==183766== Open file descriptor 13: /dev/shm/bxf_arena_183757 (deleted)
==183766==    <inherited from parent>
==183766== 
==183766== Open file descriptor 11: /dev/shm/bxf_arena_183757 (deleted)
==183766==    <inherited from parent>
==183766== 
==183766== Open file descriptor 4:
==183766==    <inherited from parent>
==183766== 
==183766== Open file descriptor 3: /home/student/cmjurgensen/hw5/valgrind.out
==183766==    <inherited from parent>
==183766== 
==183766== Open file descriptor 2: /dev/pts/0
==183766==    <inherited from parent>
==183766== 
==183766== Open file descriptor 1: /dev/pts/0
==183766==    <inherited from parent>
==183766== 
==183766== Open file descriptor 0:
==183766==    <inherited from parent>
==183766== 
==183766== 
==183766== HEAP SUMMARY:
==183766==     in use at exit: 4 bytes in 1 blocks
==183766==   total heap usage: 9 allocs, 8 frees, 369,720 bytes allocated
==183766== 
==183766== LEAK SUMMARY:
==183766==    definitely lost: 0 bytes in 0 blocks
==183766==    indirectly lost: 0 bytes in 0 blocks
==183766==      possibly lost: 0 bytes in 0 blocks
==183766==    still reachable: 4 bytes in 1 blocks
==183766==         suppressed: 0 bytes in 0 blocks
==183766== Reachable blocks (those to which a pointer was found) are not shown.
==183766== To see them, rerun with: --leak-check=full --show-leak-kinds=all
==183766== 
==183766== For lists of detected and suppressed errors, rerun with: -s
==183766== ERROR SUMMARY: 0 errors from 0 contexts (suppressed: 0 from 0)
